argc: 2
argv[ 0 ] has the value of fundamentals_demo.exe
argv[ 1 ] has the value of /for_loops_01
index      value
======================================
0          0
1          2
2          4
3          6
4          8
5          10
6          12
7          14
8          16
9          18
======================================

index      value
======================================
9          18
8          16
7          14
6          12
5          10
4          8
3          6
2          4
1          2
0          0
======================================

current      value
======================================
0.00          0.00
0.10          0.01
0.20          0.04
0.30          0.09
0.40          0.16
0.50          0.25
0.60          0.36
0.70          0.49
0.80          0.64
0.90          0.81
1.00          1.00
1.10          1.21
1.20          1.44
1.30          1.69
1.40          1.96
1.50          2.25
1.60          2.56
1.70          2.89
1.80          3.24
1.90          3.61
======================================

index      value
======================================
======================================
