argc: 2
argv[ 0 ] has the value of fundamentals_demo.exe
argv[ 1 ] has the value of /while_loops_01
index      value
======================================
0          0
1          2
2          4
3          6
4          8
5          10
6          12
7          14
8          16
9          18
======================================

index      value
======================================
0          27175
1          8201
2          1559
3          7297
4          8311
5          7203
6          15074
7          28688
8          2101
9          5347
======================================

count      value            balance
======================================
1          150.95            849.05
2          169.19            679.86
3          265.12            414.74
4          45.53            369.21
5          86.08            283.13
6          274.64            8.49
7          298.84            -290.35
======================================

count      value            balance
======================================
1          284.89            715.11
2          72.52            642.59
3          232.42            410.17
4          152.55            257.62
5          158.34            99.28
6          75.53            23.75
======================================
